<?xml version="1.0" encoding="UTF-8"?>
<testsuite name="TestSuite" time="2.818" tests="66" errors="0" skipped="0" failures="0">
  <properties>
    <property name="java.runtime.name" value="Java(TM) SE Runtime Environment"/>
    <property name="sun.boot.library.path" value="C:\Program Files\Java\jdk1.8.0_172\jre\bin"/>
    <property name="java.vm.version" value="25.172-b11"/>
    <property name="java.vm.vendor" value="Oracle Corporation"/>
    <property name="maven.multiModuleProjectDirectory" value="D:\BACKUP\RING_Reeth\server"/>
    <property name="java.vendor.url" value="http://java.oracle.com/"/>
    <property name="path.separator" value=";"/>
    <property name="guice.disable.misplaced.annotation.check" value="true"/>
    <property name="java.vm.name" value="Java HotSpot(TM) 64-Bit Server VM"/>
    <property name="file.encoding.pkg" value="sun.io"/>
    <property name="user.script" value=""/>
    <property name="user.country" value="US"/>
    <property name="sun.java.launcher" value="SUN_STANDARD"/>
    <property name="sun.os.patch.level" value=""/>
    <property name="java.vm.specification.name" value="Java Virtual Machine Specification"/>
    <property name="user.dir" value="D:\BACKUP\RING_Reeth\server"/>
    <property name="java.runtime.version" value="1.8.0_172-b11"/>
    <property name="java.awt.graphicsenv" value="sun.awt.Win32GraphicsEnvironment"/>
    <property name="java.endorsed.dirs" value="C:\Program Files\Java\jdk1.8.0_172\jre\lib\endorsed"/>
    <property name="os.arch" value="amd64"/>
    <property name="java.io.tmpdir" value="C:\Users\ee209022\AppData\Local\Temp\"/>
    <property name="line.separator" value="&#10;"/>
    <property name="java.vm.specification.vendor" value="Oracle Corporation"/>
    <property name="user.variant" value=""/>
    <property name="os.name" value="Windows 10"/>
    <property name="classworlds.conf" value="D:\SwaggerWorkSpace\.metadata\.plugins\org.eclipse.m2e.launching\launches\m2conf2656355238846138623.tmp"/>
    <property name="sun.jnu.encoding" value="Cp1252"/>
    <property name="java.library.path" value="C:\Program Files\Java\jdk1.8.0_172\bin;C:\Windows\Sun\Java\bin;C:\Windows\system32;C:\Windows;C:/Program Files/Java/jdk1.8.0_172/bin/../jre/bin/server;C:/Program Files/Java/jdk1.8.0_172/bin/../jre/bin;C:/Program Files/Java/jdk1.8.0_172/bin/../jre/lib/amd64;C:\ProgramData\DockerDesktop\version-bin;C:\Program Files\Docker\Docker\Resources\bin;C:\Program Files (x86)\Microsoft SDKs\Azure\CLI2\wbin;C:\Windows\system32;C:\Windows;C:\Windows\System32\Wbem;C:\Windows\System32\WindowsPowerShell\v1.0\;C:\Windows\System32\OpenSSH\;C:\Program Files (x86)\NTP\bin;C:\Program Files\PuTTY\;C:\Program Files\Java\jdk1.8.0_172\bin;C:\Program Files\Java\jre1.8.0_172\bin;D:\BACKUP\Softwares\apache-maven-3.5.3-bin\apache-maven-3.5.3\bin;C:\Program Files\dotnet;C:\Program Files\Microsoft VS Code\bin;C:\Program Files\dotnet\;C:\Program Files\Microsoft SQL Server\Client SDK\ODBC\130\Tools\Binn\;C:\Program Files (x86)\Microsoft SQL Server\140\Tools\Binn\;C:\Program Files\Microsoft SQL Server\140\Tools\Binn\;C:\Program Files\Microsoft SQL Server\140\DTS\Binn\;C:\Program Files (x86)\Microsoft SQL Server\150\DTS\Binn\;C:\Python\Scripts;C:\Python;C:\Program Files\TortoiseGit\bin;C:\Program Files\nodejs\;C:\Program Files\MySQL\MySQL Shell 8.0\bin\;C:\Program Files\Microsoft VS Code\bin;C:\Users\ee209022\AppData\Roaming\npm;D:\BACKUP\Softwares\Eclipse_JEE_Oxygen_64;;."/>
    <property name="java.specification.name" value="Java Platform API Specification"/>
    <property name="java.class.version" value="52.0"/>
    <property name="sun.management.compiler" value="HotSpot 64-Bit Tiered Compilers"/>
    <property name="os.version" value="10.0"/>
    <property name="user.home" value="C:\Users\ee209022"/>
    <property name="user.timezone" value="Asia/Calcutta"/>
    <property name="java.awt.printerjob" value="sun.awt.windows.WPrinterJob"/>
    <property name="java.specification.version" value="1.8"/>
    <property name="file.encoding" value="Cp1252"/>
    <property name="user.name" value="ee209022"/>
    <property name="java.class.path" value="/D:/BACKUP/Softwares/Eclipse_JEE_Oxygen_64/plugins/org.eclipse.m2e.maven.runtime_1.8.0.20160921-2001/jars/plexus-classworlds-2.5.2.jar"/>
    <property name="java.vm.specification.version" value="1.8"/>
    <property name="sun.arch.data.model" value="64"/>
    <property name="java.home" value="C:\Program Files\Java\jdk1.8.0_172\jre"/>
    <property name="sun.java.command" value="org.codehaus.plexus.classworlds.launcher.Launcher -B clean install"/>
    <property name="java.specification.vendor" value="Oracle Corporation"/>
    <property name="user.language" value="en"/>
    <property name="awt.toolkit" value="sun.awt.windows.WToolkit"/>
    <property name="java.vm.info" value="mixed mode"/>
    <property name="java.version" value="1.8.0_172"/>
    <property name="java.ext.dirs" value="C:\Program Files\Java\jdk1.8.0_172\jre\lib\ext;C:\Windows\Sun\Java\lib\ext"/>
    <property name="sun.boot.class.path" value="C:\Program Files\Java\jdk1.8.0_172\jre\lib\resources.jar;C:\Program Files\Java\jdk1.8.0_172\jre\lib\rt.jar;C:\Program Files\Java\jdk1.8.0_172\jre\lib\sunrsasign.jar;C:\Program Files\Java\jdk1.8.0_172\jre\lib\jsse.jar;C:\Program Files\Java\jdk1.8.0_172\jre\lib\jce.jar;C:\Program Files\Java\jdk1.8.0_172\jre\lib\charsets.jar;C:\Program Files\Java\jdk1.8.0_172\jre\lib\jfr.jar;C:\Program Files\Java\jdk1.8.0_172\jre\classes"/>
    <property name="java.vendor" value="Oracle Corporation"/>
    <property name="maven.home" value="D:\BACKUP\RING_Reeth\server\EMBEDDED"/>
    <property name="file.separator" value="\"/>
    <property name="java.vendor.url.bug" value="http://bugreport.sun.com/bugreport/"/>
    <property name="sun.cpu.endian" value="little"/>
    <property name="sun.io.unicode.encoding" value="UnicodeLittle"/>
    <property name="sun.desktop" value="windows"/>
    <property name="sun.cpu.isalist" value="amd64"/>
  </properties>
  <testcase name="logoutTest" classname="com.ring.controller.test.AppCoreControllerTest" time="0.586"/>
  <testcase name="registerClientTest1" classname="com.ring.controller.test.AppCoreControllerTest" time="0.005"/>
  <testcase name="screenDetailsTest1" classname="com.ring.controller.test.AppCoreControllerTest" time="0.006"/>
  <testcase name="recoverAccountHandlerTest1" classname="com.ring.controller.test.RecoverAccountControllerTest" time="0.553"/>
  <testcase name="resetCredentialsHandlerTest" classname="com.ring.controller.test.RecoverAccountControllerTest" time="0.005"/>
  <testcase name="loginUsingSocialNetworkTest1" classname="com.ring.controller.test.SocialLoginControllerTest" time="0.005"/>
  <testcase name="loginUsingSocialNetworkTest2" classname="com.ring.controller.test.SocialLoginControllerTest" time="0.005"/>
  <testcase name="getUserInfoTest1" classname="com.ring.controller.test.UserControllerTest" time="0.517"/>
  <testcase name="registerUserTest1" classname="com.ring.controller.test.UserControllerTest" time="0.003"/>
  <testcase name="updateUserInfoTest1" classname="com.ring.controller.test.UserControllerTest" time="0.001"/>
  <testcase name="addVehicleTest1" classname="com.ring.controller.test.VehicleControllerTest" time="0.58"/>
  <testcase name="deleteVehicleTest1" classname="com.ring.controller.test.VehicleControllerTest" time="0.001"/>
  <testcase name="editPressureSettingsTest" classname="com.ring.controller.test.VehicleControllerTest" time="0.001"/>
  <testcase name="editVehicleTest" classname="com.ring.controller.test.VehicleControllerTest" time="0.002"/>
  <testcase name="getVehicleListTest1" classname="com.ring.controller.test.VehicleControllerTest" time="0.002"/>
  <testcase name="getVehicleTest1" classname="com.ring.controller.test.VehicleControllerTest" time="0.001"/>
  <testcase name="updateDefaultstatusTest" classname="com.ring.controller.test.VehicleControllerTest" time="0.001"/>
  <testcase name="getUserTest1" classname="com.ring.dao.test.LoginDaoImplTest" time="0.075"/>
  <testcase name="getDataBasedOnTokenTest1" classname="com.ring.dao.test.RecoverAccountDaoTest" time="0.004"/>
  <testcase name="getUserInfoFromDbTest1" classname="com.ring.dao.test.RecoverAccountDaoTest" time="0.003"/>
  <testcase name="persistTokenInDbTest1" classname="com.ring.dao.test.RecoverAccountDaoTest" time="0.046"/>
  <testcase name="resetPasswordTest1" classname="com.ring.dao.test.RecoverAccountDaoTest" time="0"/>
  <testcase name="registerSocialUserTest1" classname="com.ring.dao.test.SocialLoginDaoTest" time="0.004"/>
  <testcase name="registerSocialUserTest2" classname="com.ring.dao.test.SocialLoginDaoTest" time="0.001"/>
  <testcase name="getLatestPressureDataTest1" classname="com.ring.dao.test.TyrePressureDaoImplTest" time="0.011"/>
  <testcase name="getTyrePressureDataTest1" classname="com.ring.dao.test.TyrePressureDaoImplTest" time="0.012"/>
  <testcase name="getUserInfoTest" classname="com.ring.dao.test.UserDaoImplTest" time="0.034"/>
  <testcase name="registerClientTest1" classname="com.ring.dao.test.UserDaoImplTest" time="0.001"/>
  <testcase name="registerUserTest1" classname="com.ring.dao.test.UserDaoImplTest" time="0.048"/>
  <testcase name="registerUserTest2" classname="com.ring.dao.test.UserDaoImplTest" time="0.02"/>
  <testcase name="updateInfoTest1" classname="com.ring.dao.test.UserDaoImplTest" time="0.001"/>
  <testcase name="addVehicleTest1" classname="com.ring.dao.test.VehicleDaoImplTest" time="0.135"/>
  <testcase name="addVehicleTest2" classname="com.ring.dao.test.VehicleDaoImplTest" time="0.01"/>
  <testcase name="editVehicleTest" classname="com.ring.dao.test.VehicleDaoImplTest" time="0.025"/>
  <testcase name="getVehicleListTest1" classname="com.ring.dao.test.VehicleDaoImplTest" time="0.001"/>
  <testcase name="getVehicleTest1" classname="com.ring.dao.test.VehicleDaoImplTest" time="0.002"/>
  <testcase name="validateAccessTokenTest1" classname="com.ring.service.test.FacebookServiceProviderTest" time="0.002"/>
  <testcase name="validateAccessTokenTest2" classname="com.ring.service.test.FacebookServiceProviderTest" time="0.002"/>
  <testcase name="loadUserByUsernameTest1" classname="com.ring.service.test.LoginServiceImplTest" time="0.006"/>
  <testcase name="loadUserByUsernameTest2" classname="com.ring.service.test.LoginServiceImplTest" time="0.004"/>
  <testcase name="getNextScreeninfoTest2" classname="com.ring.service.test.NextScreenInfoTest" time="0.047"/>
  <testcase name="getNextScreeninfoTest3" classname="com.ring.service.test.NextScreenInfoTest" time="0.001"/>
  <testcase name="getNextScreeninfoTest4" classname="com.ring.service.test.NextScreenInfoTest" time="0"/>
  <testcase name="getNextScreeninfoTest5" classname="com.ring.service.test.NextScreenInfoTest" time="0.001"/>
  <testcase name="resetCredentialsTest1" classname="com.ring.service.test.RecoverAccountServiceImplTest" time="0.026"/>
  <testcase name="resetCredentialsTest2" classname="com.ring.service.test.RecoverAccountServiceImplTest" time="0.001"/>
  <testcase name="resetCredentialsTest3" classname="com.ring.service.test.RecoverAccountServiceImplTest" time="0.003"/>
  <testcase name="sendMailTest1" classname="com.ring.service.test.RecoverAccountServiceImplTest" time="0.007"/>
  <testcase name="sendMailTest2" classname="com.ring.service.test.RecoverAccountServiceImplTest" time="0.001"/>
  <testcase name="loginUsingFacebookTest1" classname="com.ring.service.test.SocialLoginServiceImplementationTest" time="0.002"/>
  <testcase name="loginUsingFacebookTest2" classname="com.ring.service.test.SocialLoginServiceImplementationTest" time="0"/>
  <testcase name="getLatestPressureDataTest1" classname="com.ring.service.test.TyrePressureServiceImplTest" time="0.004"/>
  <testcase name="getTyrePressureDataTest1" classname="com.ring.service.test.TyrePressureServiceImplTest" time="0.003"/>
  <testcase name="getQuatersTest" classname="com.ring.service.test.UserServiceImplTest" time="0"/>
  <testcase name="getUserInfoTest1" classname="com.ring.service.test.UserServiceImplTest" time="0"/>
  <testcase name="getUserInfoTest2" classname="com.ring.service.test.UserServiceImplTest" time="0"/>
  <testcase name="registerClientTest1" classname="com.ring.service.test.UserServiceImplTest" time="0"/>
  <testcase name="registerUserTest1" classname="com.ring.service.test.UserServiceImplTest" time="0"/>
  <testcase name="registerUserTest2" classname="com.ring.service.test.UserServiceImplTest" time="0"/>
  <testcase name="updateInfoTest1" classname="com.ring.service.test.UserServiceImplTest" time="0"/>
  <testcase name="updateInfoTest2" classname="com.ring.service.test.UserServiceImplTest" time="0"/>
  <testcase name="addVehicleTest1" classname="com.ring.service.test.VehicleServiceImplTest" time="0.001"/>
  <testcase name="addVehicleTest2" classname="com.ring.service.test.VehicleServiceImplTest" time="0"/>
  <testcase name="deleteVehicle" classname="com.ring.service.test.VehicleServiceImplTest" time="0"/>
  <testcase name="getVehicle" classname="com.ring.service.test.VehicleServiceImplTest" time="0"/>
  <testcase name="getVehicleListTest1" classname="com.ring.service.test.VehicleServiceImplTest" time="0"/>
</testsuite>