<?xml version="1.0" encoding="UTF-8"?>
<!-- Generated by org.testng.reporters.JUnitReportReporter -->
<testsuite skipped="0" hostname="pcz-EE209022" name="com.ring.service.test.TyrePressureServiceImplTest" tests="2" failures="0" timestamp="31 Jan 2020 09:02:02 GMT" time="0.012" errors="0">
  <testcase name="getLatestPressureDataTest1" time="0.009" classname="com.ring.service.test.TyrePressureServiceImplTest"/>
  <testcase name="getTyrePressureDataTest1" time="0.003" classname="com.ring.service.test.TyrePressureServiceImplTest"/>
</testsuite> <!-- com.ring.service.test.TyrePressureServiceImplTest -->
