<?xml version="1.0" encoding="UTF-8"?>
<!-- Generated by org.testng.reporters.JUnitReportReporter -->
<testsuite skipped="0" hostname="pcz-EE209022" name="com.ring.service.test.SocialLoginServiceImplementationTest" tests="2" failures="0" timestamp="31 Jan 2020 09:02:02 GMT" time="0.037" errors="0">
  <testcase name="loginUsingFacebookTest2" time="0.001" classname="com.ring.service.test.SocialLoginServiceImplementationTest"/>
  <testcase name="loginUsingFacebookTest1" time="0.036" classname="com.ring.service.test.SocialLoginServiceImplementationTest"/>
</testsuite> <!-- com.ring.service.test.SocialLoginServiceImplementationTest -->
