<?xml version="1.0" encoding="UTF-8"?>
<!-- Generated by org.testng.reporters.JUnitReportReporter -->
<testsuite skipped="0" hostname="pcz-EE209022" name="com.ring.service.test.VehicleServiceImplTest" tests="5" failures="0" timestamp="31 Jan 2020 09:02:02 GMT" time="0.006" errors="0">
  <testcase name="addVehicleTest1" time="0.001" classname="com.ring.service.test.VehicleServiceImplTest"/>
  <testcase name="getVehicleListTest1" time="0.002" classname="com.ring.service.test.VehicleServiceImplTest"/>
  <testcase name="getVehicle" time="0.002" classname="com.ring.service.test.VehicleServiceImplTest"/>
  <testcase name="addVehicleTest2" time="0.001" classname="com.ring.service.test.VehicleServiceImplTest"/>
  <testcase name="deleteVehicle" time="0.000" classname="com.ring.service.test.VehicleServiceImplTest"/>
</testsuite> <!-- com.ring.service.test.VehicleServiceImplTest -->
