<?xml version="1.0" encoding="UTF-8"?>
<!-- Generated by org.testng.reporters.JUnitReportReporter -->
<testsuite skipped="0" hostname="pcz-EE209022" name="com.ring.dao.test.SocialLoginDaoTest" tests="2" failures="0" timestamp="31 Jan 2020 09:02:02 GMT" time="0.006" errors="0">
  <testcase name="registerSocialUserTest1" time="0.005" classname="com.ring.dao.test.SocialLoginDaoTest"/>
  <testcase name="registerSocialUserTest2" time="0.001" classname="com.ring.dao.test.SocialLoginDaoTest"/>
</testsuite> <!-- com.ring.dao.test.SocialLoginDaoTest -->
