<?xml version="1.0" encoding="UTF-8"?>
<!-- Generated by org.testng.reporters.JUnitReportReporter -->
<testsuite skipped="0" hostname="pcz-EE209022" name="com.ring.service.test.NextScreenInfoTest" tests="4" failures="0" timestamp="31 Jan 2020 09:02:02 GMT" time="0.877" errors="0">
  <testcase name="getNextScreeninfoTest4" time="0.814" classname="com.ring.service.test.NextScreenInfoTest"/>
  <testcase name="getNextScreeninfoTest2" time="0.049" classname="com.ring.service.test.NextScreenInfoTest"/>
  <testcase name="getNextScreeninfoTest3" time="0.008" classname="com.ring.service.test.NextScreenInfoTest"/>
  <testcase name="getNextScreeninfoTest5" time="0.006" classname="com.ring.service.test.NextScreenInfoTest"/>
</testsuite> <!-- com.ring.service.test.NextScreenInfoTest -->
