<?xml version="1.0" encoding="UTF-8"?>
<!-- Generated by org.testng.reporters.JUnitReportReporter -->
<testsuite skipped="0" hostname="pcz-EE209022" name="com.ring.dao.test.TyrePressureDaoImplTest" tests="2" failures="0" timestamp="31 Jan 2020 09:02:02 GMT" time="0.091" errors="0">
  <testcase name="getLatestPressureDataTest1" time="0.078" classname="com.ring.dao.test.TyrePressureDaoImplTest"/>
  <testcase name="getTyrePressureDataTest1" time="0.013" classname="com.ring.dao.test.TyrePressureDaoImplTest"/>
</testsuite> <!-- com.ring.dao.test.TyrePressureDaoImplTest -->
