<?xml version="1.0" encoding="UTF-8"?>
<!-- Generated by org.testng.reporters.JUnitReportReporter -->
<testsuite skipped="0" hostname="pcz-EE209022" name="com.ring.dao.test.LoginDaoImplTest" tests="1" failures="0" timestamp="31 Jan 2020 09:02:02 GMT" time="0.150" errors="0">
  <testcase name="getUserTest1" time="0.150" classname="com.ring.dao.test.LoginDaoImplTest"/>
</testsuite> <!-- com.ring.dao.test.LoginDaoImplTest -->
