<?xml version="1.0" encoding="UTF-8"?>
<!-- Generated by org.testng.reporters.JUnitReportReporter -->
<testsuite skipped="0" hostname="pcz-EE209022" name="com.ring.controller.test.RecoverAccountControllerTest" tests="2" failures="0" timestamp="31 Jan 2020 09:02:02 GMT" time="0.924" errors="0">
  <testcase name="recoverAccountHandlerTest1" time="0.914" classname="com.ring.controller.test.RecoverAccountControllerTest"/>
  <testcase name="resetCredentialsHandlerTest" time="0.010" classname="com.ring.controller.test.RecoverAccountControllerTest"/>
</testsuite> <!-- com.ring.controller.test.RecoverAccountControllerTest -->
