<?xml version="1.0" encoding="UTF-8"?>
<!-- Generated by org.testng.reporters.JUnitReportReporter -->
<testsuite skipped="0" hostname="pcz-EE209022" name="com.ring.service.test.RecoverAccountServiceImplTest" tests="5" failures="0" timestamp="31 Jan 2020 09:02:02 GMT" time="0.049" errors="0">
  <testcase name="sendMailTest1" time="0.007" classname="com.ring.service.test.RecoverAccountServiceImplTest"/>
  <testcase name="resetCredentialsTest2" time="0.010" classname="com.ring.service.test.RecoverAccountServiceImplTest"/>
  <testcase name="resetCredentialsTest1" time="0.028" classname="com.ring.service.test.RecoverAccountServiceImplTest"/>
  <testcase name="resetCredentialsTest3" time="0.002" classname="com.ring.service.test.RecoverAccountServiceImplTest"/>
  <testcase name="sendMailTest2" time="0.002" classname="com.ring.service.test.RecoverAccountServiceImplTest"/>
</testsuite> <!-- com.ring.service.test.RecoverAccountServiceImplTest -->
