<?xml version="1.0" encoding="UTF-8"?>
<!-- Generated by org.testng.reporters.JUnitReportReporter -->
<testsuite skipped="0" hostname="pcz-EE209022" name="com.ring.controller.test.AppCoreControllerTest" tests="3" failures="0" timestamp="31 Jan 2020 09:02:02 GMT" time="1.094" errors="0">
  <testcase name="logoutTest" time="0.591" classname="com.ring.controller.test.AppCoreControllerTest"/>
  <testcase name="registerClientTest1" time="0.012" classname="com.ring.controller.test.AppCoreControllerTest"/>
  <testcase name="screenDetailsTest1" time="0.491" classname="com.ring.controller.test.AppCoreControllerTest"/>
</testsuite> <!-- com.ring.controller.test.AppCoreControllerTest -->
