<?xml version="1.0" encoding="UTF-8"?>
<!-- Generated by org.testng.reporters.JUnitReportReporter -->
<testsuite skipped="0" hostname="pcz-EE209022" name="com.ring.dao.test.UserDaoImplTest" tests="5" failures="0" timestamp="31 Jan 2020 09:02:02 GMT" time="1.084" errors="0">
  <testcase name="getUserInfoTest" time="0.037" classname="com.ring.dao.test.UserDaoImplTest"/>
  <testcase name="registerUserTest2" time="0.982" classname="com.ring.dao.test.UserDaoImplTest"/>
  <testcase name="registerClientTest1" time="0.008" classname="com.ring.dao.test.UserDaoImplTest"/>
  <testcase name="updateInfoTest1" time="0.006" classname="com.ring.dao.test.UserDaoImplTest"/>
  <testcase name="registerUserTest1" time="0.051" classname="com.ring.dao.test.UserDaoImplTest"/>
</testsuite> <!-- com.ring.dao.test.UserDaoImplTest -->
