<?xml version="1.0" encoding="UTF-8"?>
<!-- Generated by org.testng.reporters.JUnitReportReporter -->
<testsuite skipped="0" hostname="pcz-EE209022" name="com.ring.controller.test.UserControllerTest" tests="3" failures="0" timestamp="31 Jan 2020 09:02:02 GMT" time="0.815" errors="0">
  <testcase name="registerUserTest1" time="0.285" classname="com.ring.controller.test.UserControllerTest"/>
  <testcase name="updateUserInfoTest1" time="0.005" classname="com.ring.controller.test.UserControllerTest"/>
  <testcase name="getUserInfoTest1" time="0.525" classname="com.ring.controller.test.UserControllerTest"/>
</testsuite> <!-- com.ring.controller.test.UserControllerTest -->
