<?xml version="1.0" encoding="UTF-8"?>
<!-- Generated by org.testng.reporters.JUnitReportReporter -->
<testsuite skipped="0" hostname="pcz-EE209022" name="com.ring.dao.test.VehicleDaoImplTest" tests="5" failures="0" timestamp="31 Jan 2020 09:02:02 GMT" time="0.548" errors="0">
  <testcase name="getVehicleListTest1" time="0.005" classname="com.ring.dao.test.VehicleDaoImplTest"/>
  <testcase name="addVehicleTest1" time="0.138" classname="com.ring.dao.test.VehicleDaoImplTest"/>
  <testcase name="editVehicleTest" time="0.036" classname="com.ring.dao.test.VehicleDaoImplTest"/>
  <testcase name="addVehicleTest2" time="0.365" classname="com.ring.dao.test.VehicleDaoImplTest"/>
  <testcase name="getVehicleTest1" time="0.004" classname="com.ring.dao.test.VehicleDaoImplTest"/>
</testsuite> <!-- com.ring.dao.test.VehicleDaoImplTest -->
