<?xml version="1.0" encoding="UTF-8"?>
<!-- Generated by org.testng.reporters.JUnitReportReporter -->
<testsuite skipped="0" hostname="pcz-EE209022" name="com.ring.service.test.UserServiceImplTest" tests="8" failures="0" timestamp="31 Jan 2020 09:02:02 GMT" time="0.018" errors="0">
  <testcase name="updateInfoTest2" time="0.001" classname="com.ring.service.test.UserServiceImplTest"/>
  <testcase name="registerUserTest1" time="0.001" classname="com.ring.service.test.UserServiceImplTest"/>
  <testcase name="updateInfoTest1" time="0.001" classname="com.ring.service.test.UserServiceImplTest"/>
  <testcase name="registerUserTest2" time="0.001" classname="com.ring.service.test.UserServiceImplTest"/>
  <testcase name="getQuatersTest" time="0.002" classname="com.ring.service.test.UserServiceImplTest"/>
  <testcase name="getUserInfoTest2" time="0.001" classname="com.ring.service.test.UserServiceImplTest"/>
  <testcase name="registerClientTest1" time="0.001" classname="com.ring.service.test.UserServiceImplTest"/>
  <testcase name="getUserInfoTest1" time="0.010" classname="com.ring.service.test.UserServiceImplTest"/>
</testsuite> <!-- com.ring.service.test.UserServiceImplTest -->
