<?xml version="1.0" encoding="UTF-8"?>
<!-- Generated by org.testng.reporters.JUnitReportReporter -->
<testsuite skipped="0" hostname="pcz-EE209022" name="com.ring.controller.test.SocialLoginControllerTest" tests="2" failures="0" timestamp="31 Jan 2020 09:02:02 GMT" time="0.060" errors="0">
  <testcase name="loginUsingSocialNetworkTest2" time="0.005" classname="com.ring.controller.test.SocialLoginControllerTest"/>
  <testcase name="loginUsingSocialNetworkTest1" time="0.055" classname="com.ring.controller.test.SocialLoginControllerTest"/>
</testsuite> <!-- com.ring.controller.test.SocialLoginControllerTest -->
