<?xml version="1.0" encoding="UTF-8"?>
<!-- Generated by org.testng.reporters.JUnitReportReporter -->
<testsuite skipped="0" hostname="pcz-EE209022" name="com.ring.dao.test.RecoverAccountDaoTest" tests="4" failures="0" timestamp="31 Jan 2020 09:02:02 GMT" time="0.059" errors="0">
  <testcase name="getUserInfoFromDbTest1" time="0.003" classname="com.ring.dao.test.RecoverAccountDaoTest"/>
  <testcase name="resetPasswordTest1" time="0.006" classname="com.ring.dao.test.RecoverAccountDaoTest"/>
  <testcase name="persistTokenInDbTest1" time="0.046" classname="com.ring.dao.test.RecoverAccountDaoTest"/>
  <testcase name="getDataBasedOnTokenTest1" time="0.004" classname="com.ring.dao.test.RecoverAccountDaoTest"/>
</testsuite> <!-- com.ring.dao.test.RecoverAccountDaoTest -->
