<?xml version="1.0" encoding="UTF-8"?>
<!-- Generated by org.testng.reporters.JUnitReportReporter -->
<testsuite skipped="0" hostname="pcz-EE209022" name="com.ring.service.test.LoginServiceImplTest" tests="2" failures="0" timestamp="31 Jan 2020 09:02:02 GMT" time="0.026" errors="0">
  <testcase name="loadUserByUsernameTest2" time="0.004" classname="com.ring.service.test.LoginServiceImplTest"/>
  <testcase name="loadUserByUsernameTest1" time="0.022" classname="com.ring.service.test.LoginServiceImplTest"/>
</testsuite> <!-- com.ring.service.test.LoginServiceImplTest -->
