<?xml version="1.0" encoding="UTF-8"?>
<!-- Generated by org.testng.reporters.JUnitReportReporter -->
<testsuite skipped="0" hostname="pcz-EE209022" name="com.ring.service.test.FacebookServiceProviderTest" tests="2" failures="0" timestamp="31 Jan 2020 09:02:02 GMT" time="0.077" errors="0">
  <testcase name="validateAccessTokenTest2" time="0.002" classname="com.ring.service.test.FacebookServiceProviderTest"/>
  <testcase name="validateAccessTokenTest1" time="0.075" classname="com.ring.service.test.FacebookServiceProviderTest"/>
</testsuite> <!-- com.ring.service.test.FacebookServiceProviderTest -->
