<?xml version="1.0" encoding="UTF-8"?>
<!-- Generated by org.testng.reporters.JUnitReportReporter -->
<testsuite skipped="0" hostname="pcz-EE209022" name="com.ring.controller.test.VehicleControllerTest" tests="7" failures="0" timestamp="31 Jan 2020 09:02:02 GMT" time="0.945" errors="0">
  <testcase name="updateDefaultstatusTest" time="0.005" classname="com.ring.controller.test.VehicleControllerTest"/>
  <testcase name="deleteVehicleTest1" time="0.336" classname="com.ring.controller.test.VehicleControllerTest"/>
  <testcase name="getVehicleTest1" time="0.004" classname="com.ring.controller.test.VehicleControllerTest"/>
  <testcase name="editVehicleTest" time="0.003" classname="com.ring.controller.test.VehicleControllerTest"/>
  <testcase name="editPressureSettingsTest" time="0.004" classname="com.ring.controller.test.VehicleControllerTest"/>
  <testcase name="getVehicleListTest1" time="0.009" classname="com.ring.controller.test.VehicleControllerTest"/>
  <testcase name="addVehicleTest1" time="0.584" classname="com.ring.controller.test.VehicleControllerTest"/>
</testsuite> <!-- com.ring.controller.test.VehicleControllerTest -->
